app/build/intermediates/manifest_merge_blame_file/debug/processDebugMainManifest/manifest-merger-blame-debug-report.txt
1<?xml version="1.0" encoding="utf-8"?>
2<manifest xmlns:android="http://schemas.android.com/apk/res/android"
3    xmlns:app="http://schemas.android.com/apk/res-auto"
4    package="rosh.gambar"
5    android:versionCode="1"
6    android:versionName="1.0" >
7
8    <uses-sdk
9        android:minSdkVersion="21"
10        android:targetSdkVersion="36" />
11
12    <uses-permission android:name="android.permission.READ_MEDIA_IMAGES" />
12-->src/main/AndroidManifest.xml:6:5-75
12-->src/main/AndroidManifest.xml:6:22-73
13    <uses-permission android:name="android.permission.READ_EXTERNAL_STORAGE" />
13-->src/main/AndroidManifest.xml:7:5-79
13-->src/main/AndroidManifest.xml:7:22-77
14    <uses-permission android:name="android.permission.READ_MEDIA_VISUAL_USER_SELECTED" />
14-->src/main/AndroidManifest.xml:8:5-90
14-->src/main/AndroidManifest.xml:8:22-87
15    <uses-permission android:name="android.permission.GET_PACKAGE_SIZE" />
15-->[logger-runtime.aar] AndroidManifest.xml:7:5-75
15-->[logger-runtime.aar] AndroidManifest.xml:7:22-72
16    <uses-permission android:name="android.permission.QUERY_ALL_PACKAGES" />
16-->[logger-runtime.aar] AndroidManifest.xml:8:5-77
16-->[logger-runtime.aar] AndroidManifest.xml:8:22-74
17
18    <queries>
18-->[logger-runtime.aar] AndroidManifest.xml:10:5-12:15
19        <package android:name="io.github.mohammedbaqernull.logger" />
19-->[logger-runtime.aar] AndroidManifest.xml:11:9-70
19-->[logger-runtime.aar] AndroidManifest.xml:11:18-67
20    </queries>
21
22    <permission
22-->[androidx.core:core:1.13.0] AndroidManifest.xml:22:5-24:47
23        android:name="rosh.gambar.DYNAMIC_RECEIVER_NOT_EXPORTED_PERMISSION"
23-->[androidx.core:core:1.13.0] AndroidManifest.xml:23:9-81
24        android:protectionLevel="signature" />
24-->[androidx.core:core:1.13.0] AndroidManifest.xml:24:9-44
25
26    <uses-permission android:name="rosh.gambar.DYNAMIC_RECEIVER_NOT_EXPORTED_PERMISSION" />
26-->[androidx.core:core:1.13.0] AndroidManifest.xml:26:5-97
26-->[androidx.core:core:1.13.0] AndroidManifest.xml:26:22-94
27
28    <application
28-->src/main/AndroidManifest.xml:10:5-42:19
29        android:allowBackup="true"
29-->src/main/AndroidManifest.xml:17:9-35
30        android:appComponentFactory="androidx.core.app.CoreComponentFactory"
30-->[androidx.core:core:1.13.0] AndroidManifest.xml:28:18-86
31        android:debuggable="true"
32        android:extractNativeLibs="true"
33        android:icon="@drawable/ikon"
33-->src/main/AndroidManifest.xml:13:9-38
34        android:label="@string/nama_apk"
34-->src/main/AndroidManifest.xml:12:9-41
35        android:requestLegacyExternalStorage="true"
35-->src/main/AndroidManifest.xml:11:9-52
36        android:roundIcon="@drawable/ikon"
36-->src/main/AndroidManifest.xml:14:9-43
37        android:supportsRtl="true"
37-->src/main/AndroidManifest.xml:16:9-35
38        android:theme="@style/AppTheme" >
38-->src/main/AndroidManifest.xml:15:9-40
39        <activity
39-->src/main/AndroidManifest.xml:18:9-41:20
40            android:name="rosh.gambar.Gambar"
40-->src/main/AndroidManifest.xml:19:13-35
41            android:exported="true" >
41-->src/main/AndroidManifest.xml:20:13-36
42            <intent-filter>
42-->src/main/AndroidManifest.xml:21:13-24:29
43                <action android:name="android.intent.action.MAIN" />
43-->src/main/AndroidManifest.xml:22:17-69
43-->src/main/AndroidManifest.xml:22:25-66
44
45                <category android:name="android.intent.category.LAUNCHER" />
45-->src/main/AndroidManifest.xml:23:17-77
45-->src/main/AndroidManifest.xml:23:27-74
46            </intent-filter>
47            <intent-filter>
47-->src/main/AndroidManifest.xml:25:13-30:29
48                <action android:name="android.intent.action.VIEW" />
48-->src/main/AndroidManifest.xml:26:13-65
48-->src/main/AndroidManifest.xml:26:21-62
49
50                <category android:name="android.intent.category.DEFAULT" />
50-->src/main/AndroidManifest.xml:27:17-76
50-->src/main/AndroidManifest.xml:27:27-73
51                <category android:name="android.intent.category.BROWSABLE" />
51-->src/main/AndroidManifest.xml:28:17-78
51-->src/main/AndroidManifest.xml:28:27-75
52
53                <data android:mimeType="image/*" />
53-->src/main/AndroidManifest.xml:29:17-52
53-->src/main/AndroidManifest.xml:29:23-49
54            </intent-filter>
55            <intent-filter>
55-->src/main/AndroidManifest.xml:31:13-35:29
56                <action android:name="android.intent.action.SEND" />
56-->src/main/AndroidManifest.xml:32:17-69
56-->src/main/AndroidManifest.xml:32:25-66
57
58                <category android:name="android.intent.category.DEFAULT" />
58-->src/main/AndroidManifest.xml:27:17-76
58-->src/main/AndroidManifest.xml:27:27-73
59
60                <data android:mimeType="image/*" />
60-->src/main/AndroidManifest.xml:29:17-52
60-->src/main/AndroidManifest.xml:29:23-49
61            </intent-filter>
62            <intent-filter>
62-->src/main/AndroidManifest.xml:36:13-40:29
63                <action android:name="android.intent.action.SEND_MULTIPLE" />
63-->src/main/AndroidManifest.xml:37:17-78
63-->src/main/AndroidManifest.xml:37:25-75
64
65                <category android:name="android.intent.category.DEFAULT" />
65-->src/main/AndroidManifest.xml:27:17-76
65-->src/main/AndroidManifest.xml:27:27-73
66
67                <data android:mimeType="image/*" />
67-->src/main/AndroidManifest.xml:29:17-52
67-->src/main/AndroidManifest.xml:29:23-49
68            </intent-filter>
69        </activity>
70
71        <provider
71-->[logger-runtime.aar] AndroidManifest.xml:15:9-18:39
72            android:name="io.github.mohammedbaqernull.logger.logwire.LogWireInitializer"
72-->[logger-runtime.aar] AndroidManifest.xml:16:13-89
73            android:authorities="rosh.gambar.logwire.initializer"
73-->[logger-runtime.aar] AndroidManifest.xml:17:13-71
74            android:exported="true" />
74-->[logger-runtime.aar] AndroidManifest.xml:18:13-36
75        <provider
75-->[androidx.emoji2:emoji2:1.3.0] AndroidManifest.xml:24:9-32:20
76            android:name="androidx.startup.InitializationProvider"
76-->[androidx.emoji2:emoji2:1.3.0] AndroidManifest.xml:25:13-67
77            android:authorities="rosh.gambar.androidx-startup"
77-->[androidx.emoji2:emoji2:1.3.0] AndroidManifest.xml:26:13-68
78            android:exported="false" >
78-->[androidx.emoji2:emoji2:1.3.0] AndroidManifest.xml:27:13-37
79            <meta-data
79-->[androidx.emoji2:emoji2:1.3.0] AndroidManifest.xml:29:13-31:52
80                android:name="androidx.emoji2.text.EmojiCompatInitializer"
80-->[androidx.emoji2:emoji2:1.3.0] AndroidManifest.xml:30:17-75
81                android:value="androidx.startup" />
81-->[androidx.emoji2:emoji2:1.3.0] AndroidManifest.xml:31:17-49
82            <meta-data
82-->[androidx.lifecycle:lifecycle-process:2.6.2] AndroidManifest.xml:29:13-31:52
83                android:name="androidx.lifecycle.ProcessLifecycleInitializer"
83-->[androidx.lifecycle:lifecycle-process:2.6.2] AndroidManifest.xml:30:17-78
84                android:value="androidx.startup" />
84-->[androidx.lifecycle:lifecycle-process:2.6.2] AndroidManifest.xml:31:17-49
85            <meta-data
85-->[androidx.profileinstaller:profileinstaller:1.4.0] AndroidManifest.xml:29:13-31:52
86                android:name="androidx.profileinstaller.ProfileInstallerInitializer"
86-->[androidx.profileinstaller:profileinstaller:1.4.0] AndroidManifest.xml:30:17-85
87                android:value="androidx.startup" />
87-->[androidx.profileinstaller:profileinstaller:1.4.0] AndroidManifest.xml:31:17-49
88        </provider>
89
90        <receiver
90-->[androidx.profileinstaller:profileinstaller:1.4.0] AndroidManifest.xml:34:9-52:20
91            android:name="androidx.profileinstaller.ProfileInstallReceiver"
91-->[androidx.profileinstaller:profileinstaller:1.4.0] AndroidManifest.xml:35:13-76
92            android:directBootAware="false"
92-->[androidx.profileinstaller:profileinstaller:1.4.0] AndroidManifest.xml:36:13-44
93            android:enabled="true"
93-->[androidx.profileinstaller:profileinstaller:1.4.0] AndroidManifest.xml:37:13-35
94            android:exported="true"
94-->[androidx.profileinstaller:profileinstaller:1.4.0] AndroidManifest.xml:38:13-36
95            android:permission="android.permission.DUMP" >
95-->[androidx.profileinstaller:profileinstaller:1.4.0] AndroidManifest.xml:39:13-57
96            <intent-filter>
96-->[androidx.profileinstaller:profileinstaller:1.4.0] AndroidManifest.xml:40:13-42:29
97                <action android:name="androidx.profileinstaller.action.INSTALL_PROFILE" />
97-->[androidx.profileinstaller:profileinstaller:1.4.0] AndroidManifest.xml:41:17-91
97-->[androidx.profileinstaller:profileinstaller:1.4.0] AndroidManifest.xml:41:25-88
98            </intent-filter>
99            <intent-filter>
99-->[androidx.profileinstaller:profileinstaller:1.4.0] AndroidManifest.xml:43:13-45:29
100                <action android:name="androidx.profileinstaller.action.SKIP_FILE" />
100-->[androidx.profileinstaller:profileinstaller:1.4.0] AndroidManifest.xml:44:17-85
100-->[androidx.profileinstaller:profileinstaller:1.4.0] AndroidManifest.xml:44:25-82
101            </intent-filter>
102            <intent-filter>
102-->[androidx.profileinstaller:profileinstaller:1.4.0] AndroidManifest.xml:46:13-48:29
103                <action android:name="androidx.profileinstaller.action.SAVE_PROFILE" />
103-->[androidx.profileinstaller:profileinstaller:1.4.0] AndroidManifest.xml:47:17-88
103-->[androidx.profileinstaller:profileinstaller:1.4.0] AndroidManifest.xml:47:25-85
104            </intent-filter>
105            <intent-filter>
105-->[androidx.profileinstaller:profileinstaller:1.4.0] AndroidManifest.xml:49:13-51:29
106                <action android:name="androidx.profileinstaller.action.BENCHMARK_OPERATION" />
106-->[androidx.profileinstaller:profileinstaller:1.4.0] AndroidManifest.xml:50:17-95
106-->[androidx.profileinstaller:profileinstaller:1.4.0] AndroidManifest.xml:50:25-92
107            </intent-filter>
108        </receiver>
109    </application>
110
111</manifest>